2025-06-27 17:14:50 - city_builder.events - [32mINFO[0m - [INIT] Uruchomienie aplikacji | Data: window_size=1600x1000, map_size=60x60
2025-06-27 17:15:07 - city_builder.performance - [36mDEBUG[0m - Operation 'game_update' took 1.3674s | population=291, buildings=0
2025-06-27 17:15:28 - city_builder.performance - [36mDEBUG[0m - Operation 'game_update' took 7.4969s | population=292, buildings=0
2025-06-27 17:15:37 - city_builder.performance - [36mDEBUG[0m - Operation 'game_update' took 1.3089s | population=293, buildings=0
2025-06-27 17:15:52 - city_builder.performance - [36mDEBUG[0m - Operation 'game_update' took 1.2372s | population=294, buildings=0
2025-06-27 17:16:07 - city_builder.performance - [36mDEBUG[0m - Operation 'game_update' took 1.2186s | population=295, buildings=0
2025-06-27 17:16:22 - city_builder.performance - [36mDEBUG[0m - Operation 'game_update' took 1.2480s | population=296, buildings=0
2025-06-27 17:16:37 - city_builder.performance - [36mDEBUG[0m - Operation 'game_update' took 1.2069s | population=297, buildings=0
2025-06-27 18:10:52 - city_builder.events - [32mINFO[0m - [INIT] Uruchomienie aplikacji | Data: window_size=1600x1000, map_size=60x60
2025-06-27 18:11:09 - city_builder.performance - [36mDEBUG[0m - Operation 'game_update' took 1.3899s | population=361, buildings=2
2025-06-27 18:11:25 - city_builder.performance - [36mDEBUG[0m - Operation 'game_update' took 2.7471s | population=650, buildings=10
2025-06-27 18:11:39 - city_builder.performance - [36mDEBUG[0m - Operation 'game_update' took 1.4183s | population=659, buildings=23
2025-06-27 18:11:54 - city_builder.performance - [36mDEBUG[0m - Operation 'game_update' took 1.3894s | population=667, buildings=23
2025-06-27 20:02:36 - core.config_manager - [32mINFO[0m - Konfiguracja wczytana pomyślnie
2025-06-27 20:02:37 - city_builder.events - [32mINFO[0m - [INIT] Uruchomienie aplikacji | Data: window_size=1600x1000, map_size=60x60
2025-06-27 20:02:59 - core.config_manager - [32mINFO[0m - Konfiguracja wczytana pomyślnie
2025-06-27 20:03:00 - city_builder.events - [32mINFO[0m - [INIT] Uruchomienie aplikacji | Data: window_size=1600x1000, map_size=60x60
2025-06-27 20:03:44 - city_builder.events - [32mINFO[0m - [INIT] Uruchomienie aplikacji | Data: window_size=1600x1000, map_size=60x60
2025-06-27 20:04:00 - city_builder.performance - [36mDEBUG[0m - Operation 'game_update' took 1.3014s | population=469, buildings=5
2025-06-27 20:04:16 - city_builder.performance - [36mDEBUG[0m - Operation 'game_update' took 2.3645s | population=512, buildings=6
2025-06-27 20:04:47 - city_builder.file_processor - [32mINFO[0m - Zapisywanie pliku JSON: C:\Users\TUF\AppData\Local\Temp\tmpe36b8uan\game_save.json
2025-06-27 20:04:47 - city_builder.file_processor - [32mINFO[0m - Pomyślnie zapisano plik JSON: 327 bajtów
2025-06-27 20:04:47 - city_builder.file_processor - [32mINFO[0m - Czytanie pliku JSON: C:\Users\TUF\AppData\Local\Temp\tmpe36b8uan\game_save.json
2025-06-27 20:04:47 - city_builder.file_processor - [32mINFO[0m - Pomyślnie wczytano plik JSON: 6 elementów
2025-06-27 20:04:47 - city_builder.file_processor - [32mINFO[0m - Zapisywanie pliku XML: C:\Users\TUF\AppData\Local\Temp\tmpe36b8uan\game_save.xml
2025-06-27 20:04:47 - city_builder.file_processor - [32mINFO[0m - Pomyślnie zapisano plik XML: 447 bajtów
2025-06-27 20:04:47 - city_builder.file_processor - [32mINFO[0m - Czytanie pliku XML: C:\Users\TUF\AppData\Local\Temp\tmpe36b8uan\game_save.xml
2025-06-27 20:04:47 - city_builder.file_processor - [32mINFO[0m - Pomyślnie wczytano plik XML: 6 elementów
2025-06-27 20:04:47 - city_builder.file_processor - [32mINFO[0m - Zapisywanie pliku CSV: C:\Users\TUF\AppData\Local\Temp\tmpe36b8uan\statistics.csv
2025-06-27 20:04:47 - city_builder.file_processor - [32mINFO[0m - Pomyślnie zapisano plik CSV: 3 wierszy
2025-06-27 20:04:47 - city_builder.file_processor - [32mINFO[0m - Czytanie pliku CSV: C:\Users\TUF\AppData\Local\Temp\tmpe36b8uan\statistics.csv
2025-06-27 20:04:47 - city_builder.file_processor - [32mINFO[0m - Pomyślnie wczytano plik CSV: 3 wierszy
2025-06-27 20:04:47 - city_builder.test - [32mINFO[0m - Test log message
2025-06-27 20:06:22 - city_builder.events - [32mINFO[0m - [INIT] Uruchomienie aplikacji | Data: window_size=1600x1000, map_size=60x60
2025-06-27 20:06:40 - city_builder.performance - [36mDEBUG[0m - Operation 'game_update' took 1.3553s | population=755, buildings=13
2025-06-27 20:20:45 - city_builder.file_processor - [32mINFO[0m - Zapisywanie pliku JSON: C:\Users\TUF\AppData\Local\Temp\tmpd80o_kb1\game_save.json
2025-06-27 20:20:45 - city_builder.file_processor - [32mINFO[0m - Pomyślnie zapisano plik JSON: 327 bajtów
2025-06-27 20:20:45 - city_builder.file_processor - [32mINFO[0m - Czytanie pliku JSON: C:\Users\TUF\AppData\Local\Temp\tmpd80o_kb1\game_save.json
2025-06-27 20:20:45 - city_builder.file_processor - [32mINFO[0m - Pomyślnie wczytano plik JSON: 6 elementów
2025-06-27 20:20:45 - city_builder.file_processor - [32mINFO[0m - Zapisywanie pliku XML: C:\Users\TUF\AppData\Local\Temp\tmpd80o_kb1\game_save.xml
2025-06-27 20:20:45 - city_builder.file_processor - [32mINFO[0m - Pomyślnie zapisano plik XML: 447 bajtów
2025-06-27 20:20:45 - city_builder.file_processor - [32mINFO[0m - Czytanie pliku XML: C:\Users\TUF\AppData\Local\Temp\tmpd80o_kb1\game_save.xml
2025-06-27 20:20:45 - city_builder.file_processor - [32mINFO[0m - Pomyślnie wczytano plik XML: 6 elementów
2025-06-27 20:20:45 - city_builder.file_processor - [32mINFO[0m - Zapisywanie pliku CSV: C:\Users\TUF\AppData\Local\Temp\tmpd80o_kb1\statistics.csv
2025-06-27 20:20:45 - city_builder.file_processor - [32mINFO[0m - Pomyślnie zapisano plik CSV: 3 wierszy
2025-06-27 20:20:45 - city_builder.file_processor - [32mINFO[0m - Czytanie pliku CSV: C:\Users\TUF\AppData\Local\Temp\tmpd80o_kb1\statistics.csv
2025-06-27 20:20:45 - city_builder.file_processor - [32mINFO[0m - Pomyślnie wczytano plik CSV: 3 wierszy
2025-06-27 20:20:45 - city_builder.test - [32mINFO[0m - Test log message
2025-06-27 20:24:35 - city_builder.file_processor - [32mINFO[0m - Zapisywanie pliku JSON: C:\Users\TUF\AppData\Local\Temp\tmpfu0kihaz\game_save.json
2025-06-27 20:24:35 - city_builder.file_processor - [32mINFO[0m - Pomyślnie zapisano plik JSON: 327 bajtów
2025-06-27 20:24:35 - city_builder.file_processor - [32mINFO[0m - Czytanie pliku JSON: C:\Users\TUF\AppData\Local\Temp\tmpfu0kihaz\game_save.json
2025-06-27 20:24:35 - city_builder.file_processor - [32mINFO[0m - Pomyślnie wczytano plik JSON: 6 elementów
2025-06-27 20:24:35 - city_builder.file_processor - [32mINFO[0m - Zapisywanie pliku XML: C:\Users\TUF\AppData\Local\Temp\tmpfu0kihaz\game_save.xml
2025-06-27 20:24:35 - city_builder.file_processor - [32mINFO[0m - Pomyślnie zapisano plik XML: 447 bajtów
2025-06-27 20:24:35 - city_builder.file_processor - [32mINFO[0m - Czytanie pliku XML: C:\Users\TUF\AppData\Local\Temp\tmpfu0kihaz\game_save.xml
2025-06-27 20:24:35 - city_builder.file_processor - [32mINFO[0m - Pomyślnie wczytano plik XML: 6 elementów
2025-06-27 20:24:35 - city_builder.file_processor - [32mINFO[0m - Zapisywanie pliku CSV: C:\Users\TUF\AppData\Local\Temp\tmpfu0kihaz\statistics.csv
2025-06-27 20:24:35 - city_builder.file_processor - [32mINFO[0m - Pomyślnie zapisano plik CSV: 3 wierszy
2025-06-27 20:24:35 - city_builder.file_processor - [32mINFO[0m - Czytanie pliku CSV: C:\Users\TUF\AppData\Local\Temp\tmpfu0kihaz\statistics.csv
2025-06-27 20:24:35 - city_builder.file_processor - [32mINFO[0m - Pomyślnie wczytano plik CSV: 3 wierszy
2025-06-27 20:24:35 - city_builder.test - [32mINFO[0m - Test log message
2025-06-27 20:26:31 - core.config_manager - [32mINFO[0m - Konfiguracja wczytana pomyślnie
2025-06-27 20:26:33 - city_builder.events - [32mINFO[0m - [INIT] Uruchomienie aplikacji | Data: window_size=1600x1000, map_size=60x60
2025-06-27 20:27:14 - city_builder.file_processor - [32mINFO[0m - Zapisywanie pliku JSON: C:\Users\TUF\AppData\Local\Temp\tmpxhgsvolu\game_save.json
2025-06-27 20:27:14 - city_builder.file_processor - [32mINFO[0m - Pomyślnie zapisano plik JSON: 327 bajtów
2025-06-27 20:27:14 - city_builder.file_processor - [32mINFO[0m - Czytanie pliku JSON: C:\Users\TUF\AppData\Local\Temp\tmpxhgsvolu\game_save.json
2025-06-27 20:27:14 - city_builder.file_processor - [32mINFO[0m - Pomyślnie wczytano plik JSON: 6 elementów
2025-06-27 20:27:14 - city_builder.file_processor - [32mINFO[0m - Zapisywanie pliku XML: C:\Users\TUF\AppData\Local\Temp\tmpxhgsvolu\game_save.xml
2025-06-27 20:27:14 - city_builder.file_processor - [32mINFO[0m - Pomyślnie zapisano plik XML: 447 bajtów
2025-06-27 20:27:14 - city_builder.file_processor - [32mINFO[0m - Czytanie pliku XML: C:\Users\TUF\AppData\Local\Temp\tmpxhgsvolu\game_save.xml
2025-06-27 20:27:14 - city_builder.file_processor - [32mINFO[0m - Pomyślnie wczytano plik XML: 6 elementów
2025-06-27 20:27:14 - city_builder.file_processor - [32mINFO[0m - Zapisywanie pliku CSV: C:\Users\TUF\AppData\Local\Temp\tmpxhgsvolu\statistics.csv
2025-06-27 20:27:14 - city_builder.file_processor - [32mINFO[0m - Pomyślnie zapisano plik CSV: 3 wierszy
2025-06-27 20:27:14 - city_builder.file_processor - [32mINFO[0m - Czytanie pliku CSV: C:\Users\TUF\AppData\Local\Temp\tmpxhgsvolu\statistics.csv
2025-06-27 20:27:14 - city_builder.file_processor - [32mINFO[0m - Pomyślnie wczytano plik CSV: 3 wierszy
2025-06-27 20:27:14 - city_builder.test - [32mINFO[0m - Test log message
2025-06-27 20:36:27 - city_builder.file_processor - [32mINFO[0m - Zapisywanie pliku JSON: C:\Users\TUF\AppData\Local\Temp\tmpz_vbbcdb\game_save.json
2025-06-27 20:36:27 - city_builder.file_processor - [32mINFO[0m - Pomyślnie zapisano plik JSON: 327 bajtów
2025-06-27 20:36:27 - city_builder.file_processor - [32mINFO[0m - Czytanie pliku JSON: C:\Users\TUF\AppData\Local\Temp\tmpz_vbbcdb\game_save.json
2025-06-27 20:36:27 - city_builder.file_processor - [32mINFO[0m - Pomyślnie wczytano plik JSON: 6 elementów
2025-06-27 20:36:27 - city_builder.file_processor - [32mINFO[0m - Zapisywanie pliku XML: C:\Users\TUF\AppData\Local\Temp\tmpz_vbbcdb\game_save.xml
2025-06-27 20:36:27 - city_builder.file_processor - [32mINFO[0m - Pomyślnie zapisano plik XML: 447 bajtów
2025-06-27 20:36:27 - city_builder.file_processor - [32mINFO[0m - Czytanie pliku XML: C:\Users\TUF\AppData\Local\Temp\tmpz_vbbcdb\game_save.xml
2025-06-27 20:36:27 - city_builder.file_processor - [32mINFO[0m - Pomyślnie wczytano plik XML: 6 elementów
2025-06-27 20:36:27 - city_builder.file_processor - [32mINFO[0m - Zapisywanie pliku CSV: C:\Users\TUF\AppData\Local\Temp\tmpz_vbbcdb\statistics.csv
2025-06-27 20:36:27 - city_builder.file_processor - [32mINFO[0m - Pomyślnie zapisano plik CSV: 3 wierszy
2025-06-27 20:36:27 - city_builder.file_processor - [32mINFO[0m - Czytanie pliku CSV: C:\Users\TUF\AppData\Local\Temp\tmpz_vbbcdb\statistics.csv
2025-06-27 20:36:27 - city_builder.file_processor - [32mINFO[0m - Pomyślnie wczytano plik CSV: 3 wierszy
2025-06-27 20:36:27 - city_builder.test - [32mINFO[0m - Test log message
